[debug] ----------------------------------------------------------------------
[debug] Command:      /Users/01012191/.nvm/versions/node/v6.4.0/bin/node /Users/01012191/.nvm/versions/node/v6.4.0/bin/firebase deploy
[debug] CLI Version:  3.0.8
[debug] Platform:     darwin
[debug] Node Version: v6.4.0
[debug] Time:         Mon Jan 16 2017 18:47:57 GMT+0900 (JST)
[debug] ----------------------------------------------------------------------
[debug] 
[debug] > command requires scopes: ["email","openid","https://www.googleapis.com/auth/cloudplatformprojects.readonly","https://www.googleapis.com/auth/firebase"]
[debug] > refreshing access token with scopes: ["email","https://www.googleapis.com/auth/cloudplatformprojects.readonly","https://www.googleapis.com/auth/firebase","openid"]
[debug] >>> HTTP REQUEST POST https://www.googleapis.com/oauth2/v3/token
[debug] <<< HTTP RESPONSE 200
[debug] >>> HTTP REQUEST GET https://admin.firebase.com/v1/projects/atemilu-21895 
[debug] <<< HTTP RESPONSE 200
[debug] >>> HTTP REQUEST GET https://admin.firebase.com/v1/database/atemilu-21895/tokens 
[debug] <<< HTTP RESPONSE 200
[info] 
[info] === Deploying to 'atemilu-21895'...
[info] 
[info] i  deploying database, hosting
[info] ✔  database: rules ready to deploy.
[info] i  hosting: preparing / directory for upload...
[debug] >>> HTTP REQUEST PUT https://deploy.firebase.com/v1/hosting/atemilu-21895/uploads/-KaafGyIgVA3ykubLh3s?fileCount=4222&message= 
